<?xml version="1.0" encoding="UTF-8"?>
<testsuite name="UserManagerTestSuite" tests="3" skipped="0" failures="0" errors="0" timestamp="2020-02-19T21:13:58" hostname="DESKTOP-2PMDISP" time="0.325">
  <properties/>
  <testcase name="registerTest" classname="UserManagerTestSuite" time="0.164"/>
  <testcase name="loginFailureTest" classname="UserManagerTestSuite" time="0.08"/>
  <testcase name="loginSuccessTest" classname="UserManagerTestSuite" time="0.081"/>
  <system-out><![CDATA[]]></system-out>
  <system-err><![CDATA[]]></system-err>
</testsuite>
