<<<<<<< HEAD
<?xml version="1.0" encoding="UTF-8"?>
<testsuite name="UserManagerTestSuite" tests="3" skipped="0" failures="0" errors="0" timestamp="2020-02-19T21:13:58" hostname="DESKTOP-2PMDISP" time="0.325">
  <properties/>
  <testcase name="registerTest" classname="UserManagerTestSuite" time="0.164"/>
  <testcase name="loginFailureTest" classname="UserManagerTestSuite" time="0.08"/>
  <testcase name="loginSuccessTest" classname="UserManagerTestSuite" time="0.081"/>
  <system-out><![CDATA[]]></system-out>
  <system-err><![CDATA[]]></system-err>
</testsuite>
=======
<?xml version="1.0" encoding="UTF-8"?>
<testsuite name="UserManagerTestSuite" tests="3" skipped="0" failures="0" errors="0" timestamp="2020-02-24T00:27:59" hostname="DESKTOP-GOI21KH" time="0.379">
  <properties/>
  <testcase name="registerTest" classname="UserManagerTestSuite" time="0.193"/>
  <testcase name="loginFailureTest" classname="UserManagerTestSuite" time="0.093"/>
  <testcase name="loginSuccessTest" classname="UserManagerTestSuite" time="0.092"/>
  <system-out><![CDATA[]]></system-out>
  <system-err><![CDATA[]]></system-err>
</testsuite>
>>>>>>> 3ac6e69192fc7b38792ec2b78ab9f80f97244022
